Arguments: 
  /Users/aewing/.nvm/versions/node/v9.3.0/bin/node /Users/aewing/.nvm/versions/node/v9.3.0/bin/yarn add debounce axios --save

PATH: 
  /Users/aewing/.nvm/versions/node/v9.3.0/bin:/opt/local/bin:/opt/local/sbin:/usr/local/sbin:/usr/local/bin:/usr/bin:/bin:/usr/sbin:/sbin::/Users/aewing/.fzf/bin

Yarn version: 
  1.5.1

Node version: 
  9.3.0

Platform: 
  darwin x64

npm manifest: 
  {
    "name": "@tailored/datatable",
    "description": "craft datatable component",
    "authors": "Andrew Ewing <drew@collaboratory.io>",
    "version": "0.0.0",
    "main": "dist/main.js",
    "module": "dist/main.js",
    "files": [
      "dist/",
      "README.md"
    ],
    "publishConfig": {
      "access": "public"
    },
    "babel": {
      "presets": [
        "env",
        "react"
      ],
      "plugins": [
        "transform-class-properties",
        "transform-object-rest-spread",
        "transform-export-extensions",
        "transform-runtime",
        "transform-react-jsx"
      ]
    },
    "scripts": {
      "build": "babel -d dist/ -D --compact --minified src/ --ignore '**/*.test.js,**/__tests__'",
      "lint": "eslint src/",
      "lint-fix": "eslint src/ --fix",
      "clean": "rm dist/main.js",
      "build-clean": "npm run lint-fix && npm run clean && npm run build"
    },
    "dependencies": {
      "@tailored/indicator": "^0.0.0",
      "@tailored/paginator": "^0.0.0",
      "@tailored/table": "^0.0.0"
    },
    "peerDependencies": {
      "react": "^16.2.0",
      "styled-components": "^3.2.5"
    }
  }

yarn manifest: 
  No manifest

Lockfile: 
  No lockfile

Trace: 
  Error: http://registry.npmjs.org/@tailored%2findicator: Not found
      at Request.params.callback [as _callback] (/Users/aewing/.nvm/versions/node/v9.3.0/lib/node_modules/yarn/lib/cli.js:65019:18)
      at Request.self.callback (/Users/aewing/.nvm/versions/node/v9.3.0/lib/node_modules/yarn/lib/cli.js:132430:22)
      at Request.emit (events.js:159:13)
      at Request.<anonymous> (/Users/aewing/.nvm/versions/node/v9.3.0/lib/node_modules/yarn/lib/cli.js:133413:10)
      at Request.emit (events.js:159:13)
      at IncomingMessage.<anonymous> (/Users/aewing/.nvm/versions/node/v9.3.0/lib/node_modules/yarn/lib/cli.js:133333:12)
      at Object.onceWrapper (events.js:254:19)
      at IncomingMessage.emit (events.js:164:20)
      at endReadableNT (_stream_readable.js:1062:12)
      at process._tickCallback (internal/process/next_tick.js:152:19)
